<?xml version="1.0" encoding="UTF-8"?>
<testng-results skipped="0" failed="0" ignored="0" total="1" passed="1">
  <reporter-output>
  </reporter-output>
  <suite name="Default suite" duration-ms="58" started-at="2018-07-08T10:13:53Z" finished-at="2018-07-08T10:13:53Z">
    <groups>
    </groups>
    <test name="Default test" duration-ms="58" started-at="2018-07-08T10:13:53Z" finished-at="2018-07-08T10:13:53Z">
      <class name="test.sequence">
        <test-method status="PASS" signature="f1()[pri:0, instance:test.sequence@3532ec19]" name="f1" duration-ms="11" started-at="2018-07-08T15:43:53Z" finished-at="2018-07-08T15:43:53Z">
          <reporter-output>
          </reporter-output>
        </test-method> <!-- f1 -->
      </class> <!-- test.sequence -->
    </test> <!-- Default test -->
  </suite> <!-- Default suite -->
</testng-results>
